[debug] [2022-07-12T16:18:31.798Z] ----------------------------------------------------------------------
[debug] [2022-07-12T16:18:31.800Z] Command:       C:\Program Files\nodejs\node.exe C:\Program Files\nodejs\node_modules\firebase-tools\lib\bin\firebase.js init hosting:github
[debug] [2022-07-12T16:18:31.801Z] CLI Version:   11.2.1
[debug] [2022-07-12T16:18:31.801Z] Platform:      win32
[debug] [2022-07-12T16:18:31.801Z] Node Version:  v18.3.0
[debug] [2022-07-12T16:18:31.802Z] Time:          Tue Jul 12 2022 18:18:31 GMT+0200 (czas środkowoeuropejski letni)
[debug] [2022-07-12T16:18:31.802Z] ----------------------------------------------------------------------
[debug] 
[debug] [2022-07-12T16:18:31.878Z] > command requires scopes: ["email","openid","https://www.googleapis.com/auth/cloudplatformprojects.readonly","https://www.googleapis.com/auth/firebase","https://www.googleapis.com/auth/cloud-platform"]
[debug] [2022-07-12T16:18:31.878Z] > authorizing via signed-in user (damian.sroczynski.22@gmail.com)
[info] 
     ######## #### ########  ######## ########     ###     ######  ########
     ##        ##  ##     ## ##       ##     ##  ##   ##  ##       ##
     ######    ##  ########  ######   ########  #########  ######  ######
     ##        ##  ##    ##  ##       ##     ## ##     ##       ## ##
     ##       #### ##     ## ######## ########  ##     ##  ######  ########

You're about to initialize a Firebase project in this directory:

  E:\Portfolio\porfolio_page

Before we get started, keep in mind:

  * You are initializing within an existing Firebase project directory

[info] 
=== Project Setup
[info] 
[info] First, let's associate this project directory with a Firebase project.
[info] You can create multiple project aliases by running firebase use --add, 
[info] but for now we'll just set up a default project.
[info] 
[debug] [2022-07-12T16:18:39.065Z] Using project from CLI flag: damian-s-portfolio
[debug] [2022-07-12T16:18:39.068Z] >>> [apiv2][query] GET https://firebase.googleapis.com/v1beta1/projects/damian-s-portfolio [none]
[debug] [2022-07-12T16:18:39.461Z] <<< [apiv2][status] GET https://firebase.googleapis.com/v1beta1/projects/damian-s-portfolio 200
[debug] [2022-07-12T16:18:39.461Z] <<< [apiv2][body] GET https://firebase.googleapis.com/v1beta1/projects/damian-s-portfolio {"projectId":"damian-s-portfolio","projectNumber":"167524173396","displayName":"Damian's Portfolio","name":"projects/damian-s-portfolio","resources":{"hostingSite":"damian-s-portfolio","realtimeDatabaseInstance":"damian-s-portfolio-default-rtdb","storageBucket":"damian-s-portfolio.appspot.com","locationId":"europe-central2"},"state":"ACTIVE"}
[info] i  Using project damian-s-portfolio (Damian's Portfolio) 
[info] 
=== Hosting:github Setup
[info] 
[info] i  Detected a .git folder at E:\Portfolio\porfolio_page 
[info] i  Authorizing with GitHub to upload your service account to a GitHub repository's secrets store. 
[info] 
[info] Visit this URL on this device to log in:
[info] https://github.com/login/oauth/authorize?client_id=89cf50f02ac6aaed3484&state=390753419&redirect_uri=http%3A%2F%2Flocalhost%3A9005&scope=read%3Auser%20repo%20public_repo
[info] 
[info] Waiting for authentication...
[debug] [2022-07-12T16:18:40.206Z] >>> [apiv2][query] POST https://github.com/login/oauth/access_token [none]
[debug] [2022-07-12T16:18:40.206Z] >>> [apiv2][body] POST https://github.com/login/oauth/access_token [stream]
[debug] [2022-07-12T16:18:40.493Z] <<< [apiv2][status] POST https://github.com/login/oauth/access_token 200
[debug] [2022-07-12T16:18:40.493Z] <<< [apiv2][body] POST https://github.com/login/oauth/access_token {"access_token":"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","token_type":"bearer","scope":"read:user,repo"}
[debug] [2022-07-12T16:18:40.500Z] >>> [apiv2][query] GET https://api.github.com/user [none]
[debug] [2022-07-12T16:18:40.872Z] <<< [apiv2][status] GET https://api.github.com/user 200
[debug] [2022-07-12T16:18:40.872Z] <<< [apiv2][body] GET https://api.github.com/user {"login":"Given22","id":71041120,"node_id":"MDQ6VXNlcjcxMDQxMTIw","avatar_url":"https://avatars.githubusercontent.com/u/71041120?v=4","gravatar_id":"","url":"https://api.github.com/users/Given22","html_url":"https://github.com/Given22","followers_url":"https://api.github.com/users/Given22/followers","following_url":"https://api.github.com/users/Given22/following{/other_user}","gists_url":"https://api.github.com/users/Given22/gists{/gist_id}","starred_url":"https://api.github.com/users/Given22/starred{/owner}{/repo}","subscriptions_url":"https://api.github.com/users/Given22/subscriptions","organizations_url":"https://api.github.com/users/Given22/orgs","repos_url":"https://api.github.com/users/Given22/repos","events_url":"https://api.github.com/users/Given22/events{/privacy}","received_events_url":"https://api.github.com/users/Given22/received_events","type":"User","site_admin":false,"name":"Damian S","company":null,"blog":"","location":null,"email":null,"hireable":null,"bio":null,"twitter_username":null,"public_repos":10,"public_gists":0,"followers":0,"following":0,"created_at":"2020-09-09T20:08:49Z","updated_at":"2022-05-26T14:18:16Z","private_gists":0,"total_private_repos":1,"owned_private_repos":1,"disk_usage":443788,"collaborators":0,"two_factor_authentication":false,"plan":{"name":"pro","space":976562499,"collaborators":0,"private_repos":9999}}
[info] 
[info] +  Success! Logged into GitHub as Given22 
[info] 
[debug] [2022-07-12T16:21:42.312Z] ----------------------------------------------------------------------
[debug] [2022-07-12T16:21:42.314Z] Command:       C:\Program Files\nodejs\node.exe C:\Program Files\nodejs\node_modules\firebase-tools\lib\bin\firebase.js init
[debug] [2022-07-12T16:21:42.315Z] CLI Version:   11.2.1
[debug] [2022-07-12T16:21:42.315Z] Platform:      win32
[debug] [2022-07-12T16:21:42.315Z] Node Version:  v18.3.0
[debug] [2022-07-12T16:21:42.316Z] Time:          Tue Jul 12 2022 18:21:42 GMT+0200 (czas środkowoeuropejski letni)
[debug] [2022-07-12T16:21:42.316Z] ----------------------------------------------------------------------
[debug] 
[debug] [2022-07-12T16:21:42.389Z] > command requires scopes: ["email","openid","https://www.googleapis.com/auth/cloudplatformprojects.readonly","https://www.googleapis.com/auth/firebase","https://www.googleapis.com/auth/cloud-platform"]
[debug] [2022-07-12T16:21:42.389Z] > authorizing via signed-in user (damian.sroczynski.22@gmail.com)
[info] 
     ######## #### ########  ######## ########     ###     ######  ########
     ##        ##  ##     ## ##       ##     ##  ##   ##  ##       ##
     ######    ##  ########  ######   ########  #########  ######  ######
     ##        ##  ##    ##  ##       ##     ## ##     ##       ## ##
     ##       #### ##     ## ######## ########  ##     ##  ######  ########

You're about to initialize a Firebase project in this directory:

  E:\Portfolio\porfolio_page

Before we get started, keep in mind:

  * You are initializing within an existing Firebase project directory

[info] 
=== Project Setup
[info] 
[info] First, let's associate this project directory with a Firebase project.
[info] You can create multiple project aliases by running firebase use --add, 
[info] but for now we'll just set up a default project.
[info] 
[debug] [2022-07-12T16:21:54.728Z] Using project from CLI flag: damian-s-portfolio
[debug] [2022-07-12T16:21:54.730Z] >>> [apiv2][query] GET https://firebase.googleapis.com/v1beta1/projects/damian-s-portfolio [none]
[debug] [2022-07-12T16:21:55.228Z] <<< [apiv2][status] GET https://firebase.googleapis.com/v1beta1/projects/damian-s-portfolio 200
[debug] [2022-07-12T16:21:55.228Z] <<< [apiv2][body] GET https://firebase.googleapis.com/v1beta1/projects/damian-s-portfolio {"projectId":"damian-s-portfolio","projectNumber":"167524173396","displayName":"Damian's Portfolio","name":"projects/damian-s-portfolio","resources":{"hostingSite":"damian-s-portfolio","realtimeDatabaseInstance":"damian-s-portfolio-default-rtdb","storageBucket":"damian-s-portfolio.appspot.com","locationId":"europe-central2"},"state":"ACTIVE"}
[info] i  Using project damian-s-portfolio (Damian's Portfolio) 
[info] 
=== Hosting Setup
[info] 
[info] Your public directory is the folder (relative to your project directory) that
[info] will contain Hosting assets to be uploaded with firebase deploy. If you
[info] have a build process for your assets, use your build's output directory.
[info] 
[debug] [2022-07-12T16:22:10.207Z] >>> [apiv2][query] GET https://www.gstatic.com/firebasejs/releases.json [none]
[debug] [2022-07-12T16:22:10.294Z] <<< [apiv2][status] GET https://www.gstatic.com/firebasejs/releases.json 200
[debug] [2022-07-12T16:22:10.294Z] <<< [apiv2][body] GET https://www.gstatic.com/firebasejs/releases.json {"current":{"version":"9.9.0","browserURL":"https://www.gstatic.com/firebasejs/9.9.0/firebase.js","packageURL":"https://www.gstatic.com/firebasejs/9.9.0/firebase.tgz"},"live":{"version":"9.9","browserURL":"https://www.gstatic.com/firebasejs/live/9.9/firebase.js","packageURL":"https://www.gstatic.com/firebasejs/live/9.9/firebase.tgz"},"components":{"analytics":"https://www.gstatic.com/firebasejs/9.9.0/firebase-analytics.js","app":"https://www.gstatic.com/firebasejs/9.9.0/firebase-app.js","app-check":"https://www.gstatic.com/firebasejs/9.9.0/firebase-app-check.js","auth":"https://www.gstatic.com/firebasejs/9.9.0/firebase-auth.js","auth/cordova":"https://www.gstatic.com/firebasejs/9.9.0/firebase-auth/cordova.js","auth/react-native":"https://www.gstatic.com/firebasejs/9.9.0/firebase-auth/react-native.js","functions":"https://www.gstatic.com/firebasejs/9.9.0/firebase-functions.js","firestore":"https://www.gstatic.com/firebasejs/9.9.0/firebase-firestore.js","firestore/lite":"https://www.gstatic.com/firebasejs/9.9.0/firebase-firestore/lite.js","installations":"https://www.gstatic.com/firebasejs/9.9.0/firebase-installations.js","storage":"https://www.gstatic.com/firebasejs/9.9.0/firebase-storage.js","performance":"https://www.gstatic.com/firebasejs/9.9.0/firebase-performance.js","remote-config":"https://www.gstatic.com/firebasejs/9.9.0/firebase-remote-config.js","messaging":"https://www.gstatic.com/firebasejs/9.9.0/firebase-messaging.js","messaging/sw":"https://www.gstatic.com/firebasejs/9.9.0/firebase-messaging/sw.js","database":"https://www.gstatic.com/firebasejs/9.9.0/firebase-database.js","firestore.memory":"https://www.gstatic.com/firebasejs/9.9.0/firebase-firestore.memory.js"}}
[info] i  Skipping write of build/index.html 
[info] 
[info] i  Detected a .git folder at E:\Portfolio\porfolio_page 
[info] i  Authorizing with GitHub to upload your service account to a GitHub repository's secrets store. 
[info] 
[info] Visit this URL on this device to log in:
[info] https://github.com/login/oauth/authorize?client_id=89cf50f02ac6aaed3484&state=88596149&redirect_uri=http%3A%2F%2Flocalhost%3A9005&scope=read%3Auser%20repo%20public_repo
[info] 
[info] Waiting for authentication...
[debug] [2022-07-12T16:22:14.362Z] >>> [apiv2][query] POST https://github.com/login/oauth/access_token [none]
[debug] [2022-07-12T16:22:14.362Z] >>> [apiv2][body] POST https://github.com/login/oauth/access_token [stream]
[debug] [2022-07-12T16:22:14.653Z] <<< [apiv2][status] POST https://github.com/login/oauth/access_token 200
[debug] [2022-07-12T16:22:14.653Z] <<< [apiv2][body] POST https://github.com/login/oauth/access_token {"access_token":"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","token_type":"bearer","scope":"read:user,repo"}
[debug] [2022-07-12T16:22:14.659Z] >>> [apiv2][query] GET https://api.github.com/user [none]
[debug] [2022-07-12T16:22:14.941Z] <<< [apiv2][status] GET https://api.github.com/user 200
[debug] [2022-07-12T16:22:14.941Z] <<< [apiv2][body] GET https://api.github.com/user {"login":"Given22","id":71041120,"node_id":"MDQ6VXNlcjcxMDQxMTIw","avatar_url":"https://avatars.githubusercontent.com/u/71041120?v=4","gravatar_id":"","url":"https://api.github.com/users/Given22","html_url":"https://github.com/Given22","followers_url":"https://api.github.com/users/Given22/followers","following_url":"https://api.github.com/users/Given22/following{/other_user}","gists_url":"https://api.github.com/users/Given22/gists{/gist_id}","starred_url":"https://api.github.com/users/Given22/starred{/owner}{/repo}","subscriptions_url":"https://api.github.com/users/Given22/subscriptions","organizations_url":"https://api.github.com/users/Given22/orgs","repos_url":"https://api.github.com/users/Given22/repos","events_url":"https://api.github.com/users/Given22/events{/privacy}","received_events_url":"https://api.github.com/users/Given22/received_events","type":"User","site_admin":false,"name":"Damian S","company":null,"blog":"","location":null,"email":null,"hireable":null,"bio":null,"twitter_username":null,"public_repos":10,"public_gists":0,"followers":0,"following":0,"created_at":"2020-09-09T20:08:49Z","updated_at":"2022-05-26T14:18:16Z","private_gists":0,"total_private_repos":1,"owned_private_repos":1,"disk_usage":443788,"collaborators":0,"two_factor_authentication":false,"plan":{"name":"pro","space":976562499,"collaborators":0,"private_repos":9999}}
[info] 
[info] +  Success! Logged into GitHub as Given22 
[info] 
